This is pdfTeX, Version 3.14159265-2.6-1.40.20 (TeX Live 2019) (preloaded format=pdflatex 2019.5.8)  27 MAR 2023 10:30
entering extended mode
 restricted \write18 enabled.
 file:line:error style messages enabled.
 %&-line parsing enabled.
**ms2.tex
(./ms2.tex
LaTeX2e <2018-12-01>
(./agujournal2019.cls
Document Class: agujournal2019 01/14/2019
(/usr/local/texlive/2019/texmf-dist/tex/latex/graphics/graphicx.sty
Package: graphicx 2017/06/01 v1.1a Enhanced LaTeX Graphics (DPC,SPQR)

(/usr/local/texlive/2019/texmf-dist/tex/latex/graphics/keyval.sty
Package: keyval 2014/10/28 v1.15 key=value parser (DPC)
\KV@toks@=\toks14
)
(/usr/local/texlive/2019/texmf-dist/tex/latex/graphics/graphics.sty
Package: graphics 2017/06/25 v1.2c Standard LaTeX Graphics (DPC,SPQR)

(/usr/local/texlive/2019/texmf-dist/tex/latex/graphics/trig.sty
Package: trig 2016/01/03 v1.10 sin cos tan (DPC)
)
(/usr/local/texlive/2019/texmf-dist/tex/latex/graphics-cfg/graphics.cfg
File: graphics.cfg 2016/06/04 v1.11 sample graphics configuration
)
Package graphics Info: Driver file: pdftex.def on input line 99.

(/usr/local/texlive/2019/texmf-dist/tex/latex/graphics-def/pdftex.def
File: pdftex.def 2018/01/08 v1.0l Graphics/color driver for pdftex
))
\Gin@req@height=\dimen102
\Gin@req@width=\dimen103
)
(/usr/local/texlive/2019/texmf-dist/tex/latex/xcolor/xcolor.sty
Package: xcolor 2016/05/11 v2.12 LaTeX color extensions (UK)

(/usr/local/texlive/2019/texmf-dist/tex/latex/graphics-cfg/color.cfg
File: color.cfg 2016/01/02 v1.6 sample color configuration
)
Package xcolor Info: Driver file: pdftex.def on input line 225.
Package xcolor Info: Model `cmy' substituted by `cmy0' on input line 1348.
Package xcolor Info: Model `hsb' substituted by `rgb' on input line 1352.
Package xcolor Info: Model `RGB' extended on input line 1364.
Package xcolor Info: Model `HTML' substituted by `rgb' on input line 1366.
Package xcolor Info: Model `Hsb' substituted by `hsb' on input line 1367.
Package xcolor Info: Model `tHsb' substituted by `hsb' on input line 1368.
Package xcolor Info: Model `HSB' substituted by `hsb' on input line 1369.
Package xcolor Info: Model `Gray' substituted by `gray' on input line 1370.
Package xcolor Info: Model `wave' substituted by `hsb' on input line 1371.
)
(/usr/local/texlive/2019/texmf-dist/tex/latex/url/url.sty
\Urlmuskip=\muskip10
Package: url 2013/09/16  ver 3.4  Verb mode for urls, etc.
)
(/usr/local/texlive/2019/texmf-dist/tex/latex/lineno/lineno.sty
Package: lineno 2005/11/02 line numbers on paragraphs v4.41
\linenopenalty=\count80
\output=\toks15
\linenoprevgraf=\count81
\linenumbersep=\dimen104
\linenumberwidth=\dimen105
\c@linenumber=\count82
\c@pagewiselinenumber=\count83
\c@LN@truepage=\count84
\c@internallinenumber=\count85
\c@internallinenumbers=\count86
\quotelinenumbersep=\dimen106
\bframerule=\dimen107
\bframesep=\dimen108
\bframebox=\box27
LaTeX Info: Redefining \\ on input line 3056.
)
(/usr/local/texlive/2019/texmf-dist/tex/latex/tools/indentfirst.sty
Package: indentfirst 1995/11/23 v1.03 Indent first paragraph (DPC)
)
(/usr/local/texlive/2019/texmf-dist/tex/latex/ms/ragged2e.sty
Package: ragged2e 2009/05/21 v2.1 ragged2e Package (MS)

(/usr/local/texlive/2019/texmf-dist/tex/latex/ms/everysel.sty
Package: everysel 2011/10/28 v1.2 EverySelectfont Package (MS)
)
\CenteringLeftskip=\skip41
\RaggedLeftLeftskip=\skip42
\RaggedRightLeftskip=\skip43
\CenteringRightskip=\skip44
\RaggedLeftRightskip=\skip45
\RaggedRightRightskip=\skip46
\CenteringParfillskip=\skip47
\RaggedLeftParfillskip=\skip48
\RaggedRightParfillskip=\skip49
\JustifyingParfillskip=\skip50
\CenteringParindent=\skip51
\RaggedLeftParindent=\skip52
\RaggedRightParindent=\skip53
\JustifyingParindent=\skip54
)
(/usr/local/texlive/2019/texmf-dist/tex/latex/graphics/rotating.sty
Package: rotating 2016/08/11 v2.16d rotated objects in LaTeX

(/usr/local/texlive/2019/texmf-dist/tex/latex/base/ifthen.sty
Package: ifthen 2014/09/29 v1.1c Standard LaTeX ifthen package (DPC)
)
\c@r@tfl@t=\count87
\rotFPtop=\skip55
\rotFPbot=\skip56
\rot@float@box=\box28
\rot@mess@toks=\toks16
)
\draftskip=\count88
\c@section=\count89
\c@subsection=\count90
\c@subsubsection=\count91
\c@paragraph=\count92
\c@subparagraph=\count93
\c@figure=\count94
\c@table=\count95
\abovecaptionskip=\skip57
\belowcaptionskip=\skip58
\c@appendnum=\count96
\bibindent=\dimen109

(/usr/local/texlive/2019/texmf-dist/tex/latex/apacite/apacite.sty
Package: apacite 2013/07/21 v6.03 APA citation
\c@BibCnt=\count97
\bibleftmargin=\skip59
\bibindent=\skip60
\bibparsep=\skip61
\bibitemsep=\skip62
\biblabelsep=\skip63
))
(./trackchanges.sty
Package: trackchanges 2009/04/22 v0.7.0 TrackChanges file 

(/usr/local/texlive/2019/texmf-dist/tex/latex/tools/calc.sty
Package: calc 2017/05/25 v4.3 Infix arithmetic (KKT,FJ)
\calc@Acount=\count98
\calc@Bcount=\count99
\calc@Adimen=\dimen110
\calc@Bdimen=\dimen111
\calc@Askip=\skip64
\calc@Bskip=\skip65
LaTeX Info: Redefining \setlength on input line 80.
LaTeX Info: Redefining \addtolength on input line 81.
\calc@Ccount=\count100
\calc@Cskip=\skip66
)
(/usr/local/texlive/2019/texmf-dist/tex/latex/soul/soul.sty
Package: soul 2003/11/17 v2.4 letterspacing/underlining (mf)
\SOUL@word=\toks17
\SOUL@lasttoken=\toks18
\SOUL@cmds=\toks19
\SOUL@buffer=\toks20
\SOUL@token=\toks21
\SOUL@spaceskip=\skip67
\SOUL@ttwidth=\dimen112
\SOUL@uldp=\dimen113
\SOUL@ulht=\dimen114
)
(/usr/local/texlive/2019/texmf-dist/tex/latex/morefloats/morefloats.sty
Package: morefloats 2015/07/22 v1.0h Raise limit of unprocessed floats (HMM)

(/usr/local/texlive/2019/texmf-dist/tex/latex/oberdiek/kvoptions.sty
Package: kvoptions 2016/05/16 v3.12 Key value format for package options (HO)

(/usr/local/texlive/2019/texmf-dist/tex/generic/oberdiek/ltxcmds.sty
Package: ltxcmds 2016/05/16 v1.23 LaTeX kernel commands for general use (HO)
)
(/usr/local/texlive/2019/texmf-dist/tex/generic/oberdiek/kvsetkeys.sty
Package: kvsetkeys 2016/05/16 v1.17 Key value parser (HO)

(/usr/local/texlive/2019/texmf-dist/tex/generic/oberdiek/infwarerr.sty
Package: infwarerr 2016/05/16 v1.4 Providing info/warning/error messages (HO)
)
(/usr/local/texlive/2019/texmf-dist/tex/generic/oberdiek/etexcmds.sty
Package: etexcmds 2016/05/16 v1.6 Avoid name clashes with e-TeX commands (HO)

(/usr/local/texlive/2019/texmf-dist/tex/generic/oberdiek/ifluatex.sty
Package: ifluatex 2016/05/16 v1.4 Provides the ifluatex switch (HO)
Package ifluatex Info: LuaTeX not detected.
))))
Package morefloats Info: Maximum number of possible floats asked for: 36
(morefloats)             (i.e. 18 more floats).
(morefloats)             LaTeX might run out of memory before this
(morefloats)             (in which case it will notify you).
)
\c@userid=\count101
\c@changenumber=\count102
\c@storefootnote=\count103
\c@numeditors=\count104
\c@maxeditors=\count105
)
No file ms2.aux.
\openout1 = `ms2.aux'.

LaTeX Font Info:    Checking defaults for OML/cmm/m/it on input line 16.
LaTeX Font Info:    ... okay on input line 16.
LaTeX Font Info:    Checking defaults for T1/cmr/m/n on input line 16.
LaTeX Font Info:    ... okay on input line 16.
LaTeX Font Info:    Checking defaults for OT1/cmr/m/n on input line 16.
LaTeX Font Info:    ... okay on input line 16.
LaTeX Font Info:    Checking defaults for OMS/cmsy/m/n on input line 16.
LaTeX Font Info:    ... okay on input line 16.
LaTeX Font Info:    Checking defaults for OMX/cmex/m/n on input line 16.
LaTeX Font Info:    ... okay on input line 16.
LaTeX Font Info:    Checking defaults for U/cmr/m/n on input line 16.
LaTeX Font Info:    ... okay on input line 16.
(/usr/local/texlive/2019/texmf-dist/tex/context/base/mkii/supp-pdf.mkii
[Loading MPS to PDF converter (version 2006.09.02).]
\scratchcounter=\count106
\scratchdimen=\dimen115
\scratchbox=\box29
\nofMPsegments=\count107
\nofMParguments=\count108
\everyMPshowfont=\toks22
\MPscratchCnt=\count109
\MPscratchDim=\dimen116
\MPnumerator=\count110
\makeMPintoPDFobject=\count111
\everyMPtoPDFconversion=\toks23
) (/usr/local/texlive/2019/texmf-dist/tex/latex/oberdiek/epstopdf-base.sty
Package: epstopdf-base 2016/05/15 v2.6 Base part for package epstopdf

(/usr/local/texlive/2019/texmf-dist/tex/latex/oberdiek/grfext.sty
Package: grfext 2016/05/16 v1.2 Manage graphics extensions (HO)

(/usr/local/texlive/2019/texmf-dist/tex/generic/oberdiek/kvdefinekeys.sty
Package: kvdefinekeys 2016/05/16 v1.4 Define keys (HO)
))
(/usr/local/texlive/2019/texmf-dist/tex/generic/oberdiek/pdftexcmds.sty
Package: pdftexcmds 2018/09/10 v0.29 Utility functions of pdfTeX for LuaTeX (HO
)

(/usr/local/texlive/2019/texmf-dist/tex/generic/oberdiek/ifpdf.sty
Package: ifpdf 2018/09/07 v3.3 Provides the ifpdf switch
)
Package pdftexcmds Info: LuaTeX not detected.
Package pdftexcmds Info: \pdf@primitive is available.
Package pdftexcmds Info: \pdf@ifprimitive is available.
Package pdftexcmds Info: \pdfdraftmode found.
)
Package epstopdf-base Info: Redefining graphics rule for `.eps' on input line 4
38.
Package grfext Info: Graphics extension search list:
(grfext)             [.pdf,.png,.jpg,.mps,.jpeg,.jbig2,.jb2,.PDF,.PNG,.JPG,.JPE
G,.JBIG2,.JB2,.eps]
(grfext)             \AppendGraphicsExtensions on input line 456.

(/usr/local/texlive/2019/texmf-dist/tex/latex/latexconfig/epstopdf-sys.cfg
File: epstopdf-sys.cfg 2010/07/13 v1.3 Configuration of (r)epstopdf for TeX Liv
e
))
ABD: EverySelectfont initializing macros
LaTeX Info: Redefining \selectfont on input line 16.
\c@maskedRefs=\count112

(/usr/local/texlive/2019/texmf-dist/tex/latex/apacite/english.apc
File: english.apc 2013/07/21 v6.03 apacite language file
LaTeX Info: Redefining \BPBI on input line 129.
LaTeX Info: Redefining \BHBI on input line 130.
)
LaTeX Font Info:    External font `cmex10' loaded for size
(Font)              <7> on input line 41.
LaTeX Font Info:    External font `cmex10' loaded for size
(Font)              <5> on input line 41.
LaTeX Font Info:    External font `cmex10' loaded for size
(Font)              <8> on input line 44.
LaTeX Font Info:    External font `cmex10' loaded for size
(Font)              <6> on input line 44.
 [1{/usr/local/texlive/2019/texmf-var/fonts/map/pdftex/updmap/pdftex.map}]

LaTeX Font Warning: Font shape `OT1/cmr/m/n' in size <10.5> not available
(Font)              size <10.95> substituted on input line 65.


LaTeX Font Warning: Font shape `OT1/cmr/bx/n' in size <10.5> not available
(Font)              size <10.95> substituted on input line 65.

<../figs/sparsegrid_gpp.pdf, id=17, 1193.83675pt x 566.99268pt>
File: ../figs/sparsegrid_gpp.pdf Graphic file (type pdf)
<use ../figs/sparsegrid_gpp.pdf>
Package pdftex.def Info: ../figs/sparsegrid_gpp.pdf  used on input line 75.
(pdftex.def)             Requested size: 480.0pt x 227.96967pt.

Overfull \hbox (82.51501pt too wide) in paragraph at lines 75--76
 [][] 
 []

LaTeX Font Info:    External font `cmex10' loaded for size
(Font)              <9> on input line 76.

Underfull \hbox (badness 10000) in paragraph at lines 76--76
[]\OT1/cmr/bx/n/9 Figure  1. \OT1/cmr/m/n/9 Sparseg-rid vs full-grid (2$[]$ res
-o-lu-tion) global an-nual GPP across the last thirty years
 []


Underfull \hbox (badness 10000) in paragraph at lines 76--76
\OT1/cmr/m/n/9 of a tran-sient CLM5.1 sim-u-la-tion. We opted for 400 clus-ters
 (i.e. 400 sparse grid-cells) to bal-ance
 []


Underfull \hbox (badness 10000) in paragraph at lines 76--76
\OT1/cmr/m/n/9 com-pu-ta-tional cost against rep-re-sen-ta-tive-ness. For ref-e
r-ence there are 22,648 and 5,666 land
 []

<../figs/sims.pdf, id=18, 508.81027pt x 308.81532pt>
File: ../figs/sims.pdf Graphic file (type pdf)
<use ../figs/sims.pdf>
Package pdftex.def Info: ../figs/sims.pdf  used on input line 83.
(pdftex.def)             Requested size: 300.0pt x 182.08636pt.

Underfull \hbox (badness 10000) in paragraph at lines 84--84
[]\OT1/cmr/bx/n/9 Figure  2. \OT1/cmr/m/n/9 A stan-dard 1-degree CLM-BGC sim-u-
la-tion with 1500 years of spinup is pro-
 []


Underfull \hbox (badness 10000) in paragraph at lines 84--84
\OT1/cmr/m/n/9 hibitively ex-pen-sive ($\OMS/cmsy/m/n/9 ^^X$\OT1/cmr/m/n/9 400k
 pe-hours) for ex-haus-tive pa-ram-e-ter sen-si-tiv-ity test-ing. Uti-liz-ing
 []


Underfull \hbox (badness 10000) in paragraph at lines 84--84
\OT1/cmr/m/n/9 the Matrix-CN spinup method and our sparseg-rid con-fig-u-ra-tio
n yields ap-prox-i-mately 1300 sim-u-
 []


LaTeX Warning: `h' float specifier changed to `ht'.


Underfull \vbox (badness 1715) has occurred while \output is active []

 [2 <../figs/sparsegrid_gpp.pdf>]
<../figs/bar.pdf, id=86, 528.42108pt x 387.47635pt>
File: ../figs/bar.pdf Graphic file (type pdf)
<use ../figs/bar.pdf>
Package pdftex.def Info: ../figs/bar.pdf  used on input line 117.
(pdftex.def)             Requested size: 360.0pt x 263.98299pt.

Underfull \hbox (badness 10000) in paragraph at lines 118--118
[]\OT1/cmr/bx/n/9 Figure  3. \OT1/cmr/m/n/9 206 pa-ram-e-ters were iden-ti-fied
 and per-turbed across the var-i-ous do-mains of the
 []


LaTeX Warning: `h' float specifier changed to `ht'.


Underfull \vbox (badness 10000) has occurred while \output is active []

 [3 <../figs/sims.pdf>]
<../figs/gpp_violin.pdf, id=138, 390.40857pt x 266.97804pt>
File: ../figs/gpp_violin.pdf Graphic file (type pdf)
<use ../figs/gpp_violin.pdf>
Package pdftex.def Info: ../figs/gpp_violin.pdf  used on input line 126.
(pdftex.def)             Requested size: 300.0pt x 205.15005pt.


LaTeX Warning: Reference `sect:exps' on page 4 undefined on input line 127.


LaTeX Warning: Reference `sect:exps' on page 4 undefined on input line 127.


Underfull \hbox (badness 10000) in paragraph at lines 127--127
[]\OT1/cmr/bx/n/9 Figure  4. \OT1/cmr/m/n/9 Dis-tri-bu-tions of global an-nual 
GPP across the six forc-ing sce-nar-ios. See Sec-tion []
 []


LaTeX Warning: `h' float specifier changed to `ht'.

<../figs/lai_biome.pdf, id=139, 608.15327pt x 387.47635pt>
File: ../figs/lai_biome.pdf Graphic file (type pdf)
<use ../figs/lai_biome.pdf>
Package pdftex.def Info: ../figs/lai_biome.pdf  used on input line 137.
(pdftex.def)             Requested size: 480.0pt x 305.8369pt.

Overfull \hbox (82.51501pt too wide) in paragraph at lines 137--138
 [][] 
 []


Underfull \hbox (badness 10000) in paragraph at lines 138--138
[]\OT1/cmr/bx/n/9 Figure  5. \OT1/cmr/m/n/9 The eight most in-flu-en-tial pa-ra
m-e-ters on leaf area in-dex within the CTL2010 en-
 []


LaTeX Warning: `h' float specifier changed to `ht'.

<../figs/ET_response.pdf, id=140, 731.2554pt x 266.97804pt>
File: ../figs/ET_response.pdf Graphic file (type pdf)
<use ../figs/ET_response.pdf>
Package pdftex.def Info: ../figs/ET_response.pdf  used on input line 150.
(pdftex.def)             Requested size: 480.0pt x 175.24464pt.

Overfull \hbox (82.51501pt too wide) in paragraph at lines 150--154
 [][] 
 []


Underfull \hbox (badness 10000) in paragraph at lines 154--154
[]\OT1/cmr/bx/n/9 Figure  6. \OT1/cmr/m/n/9 (a) Global evap-o-tran-spi-ra-tion 
in the warm forc-ing sce-nario vs. our con-trol ex-per-
 []


Underfull \hbox (badness 10000) in paragraph at lines 154--154
\OT1/cmr/m/n/9 i-ment. The de-fault pa-ram-e-ter-i-za-tion ET en-hance-ment is 
+8.8%, as shown with the or-ange line.
 []


Underfull \hbox (badness 10000) in paragraph at lines 154--154
\OT1/cmr/m/n/9 The shad-ing spans the CTL2010 de-fault ET, plus or mi-nus 1 W/m
2. (b) The top 8 pa-ram-e-ters
 []


Underfull \hbox (badness 10000) in paragraph at lines 154--154
\OT1/cmr/m/n/9 gov-ern-ing global ET in the CTL2010 ex-per-i-ment. (c) The top 
8 pa-ram-e-ters gov-ern-ing ET re-
 []


Underfull \hbox (badness 10000) in paragraph at lines 154--154
\OT1/cmr/m/n/9 sponse to the fu-ture cli-mate anomaly forc-ing (AF2095). Pa-ram
-e-ters gov-ern-ing the re-sponse to
 []


LaTeX Warning: `h' float specifier changed to `ht'.

<../figs/wue.pdf, id=141, 340.78253pt x 268.31116pt>
File: ../figs/wue.pdf Graphic file (type pdf)
<use ../figs/wue.pdf>
Package pdftex.def Info: ../figs/wue.pdf  used on input line 162.
(pdftex.def)             Requested size: 300.0pt x 236.2005pt.

Underfull \hbox (badness 10000) in paragraph at lines 163--163
[]\OT1/cmr/bx/n/9 Figure  7. \OT1/cmr/m/n/9 Global pho-to-syn-the-sis vs. tran-
spi-ra-tion for the con-trol and high CO$[]$ en-sem-bles.
 []


Underfull \hbox (badness 10000) in paragraph at lines 163--163
\OT1/cmr/m/n/9 Wa-ter use ef-fi-ciency (in this case de-fined as GPP/T) con-tou
rs are drawn for ref-er-ence. The de-
 []


Underfull \hbox (badness 10000) in paragraph at lines 163--163
\OT1/cmr/m/n/9 fault pa-ram-e-ter-i-za-tion in-creases GPP by 53% in re-sponse 
to in-creas-ing CO$[]$ from 367 to 867
 []


LaTeX Warning: `h' float specifier changed to `ht'.

<../figs/deltmap_panel.pdf, id=142, 824.07875pt x 242.9075pt>
File: ../figs/deltmap_panel.pdf Graphic file (type pdf)
<use ../figs/deltmap_panel.pdf>
Package pdftex.def Info: ../figs/deltmap_panel.pdf  used on input line 175.
(pdftex.def)             Requested size: 480.0pt x 141.48688pt.

Overfull \hbox (82.51501pt too wide) in paragraph at lines 175--176
 [][] 
 []


Underfull \hbox (badness 10000) in paragraph at lines 176--176
[]\OT1/cmr/bx/n/9 Figure  8. \OT1/cmr/m/n/9 Screen-shot of in-ter-ac-tive di-ag
-nos-tic for ex-plor-ing maps of pa-ram-e-ter ef-fects. In this
 []


Underfull \hbox (badness 10000) in paragraph at lines 176--176
\OT1/cmr/m/n/9 case, the ef-fect of med-lyns-lope on runoff within the CTL2010 
en-sem-ble. In-creas-ing med-lyns-lope
 []


LaTeX Warning: `h' float specifier changed to `ht'.

[4 <../figs/bar.pdf> <../figs/gpp_violin.pdf

pdfTeX warning: /Library/TeX/texbin/pdflatex (file ../figs/gpp_violin.pdf): PDF
 inclusion: multiple pdfs with page group included in a single page
>] [5 <../figs/lai_biome.pdf> <../figs/ET_response.pdf

pdfTeX warning: /Library/TeX/texbin/pdflatex (file ../figs/ET_response.pdf): PD
F inclusion: multiple pdfs with page group included in a single page
>] [6 <../figs/wue.pdf> <../figs/deltmap_panel.pdf>] (./ms2.aux)

LaTeX Font Warning: Size substitutions with differences
(Font)              up to 0.45pt have occurred.


LaTeX Warning: There were undefined references.


LaTeX Warning: Label(s) may have changed. Rerun to get cross-references right.

 ) 
Here is how much of TeX's memory you used:
 3274 strings out of 492616
 45596 string characters out of 6129482
 118487 words of memory out of 5000000
 7136 multiletter control sequences out of 15000+600000
 9329 words of font info for 33 fonts, out of 8000000 for 9000
 1147 hyphenation exceptions out of 8191
 43i,9n,37p,402b,298s stack positions out of 5000i,500n,10000p,200000b,80000s
</usr/local/texlive/2019/texmf-dist/fonts/type1/public/amsfonts/cm/cmbx10.pfb
></usr/local/texlive/2019/texmf-dist/fonts/type1/public/amsfonts/cm/cmbx12.pfb>
</usr/local/texlive/2019/texmf-dist/fonts/type1/public/amsfonts/cm/cmbx9.pfb></
usr/local/texlive/2019/texmf-dist/fonts/type1/public/amsfonts/cm/cmr10.pfb></us
r/local/texlive/2019/texmf-dist/fonts/type1/public/amsfonts/cm/cmr6.pfb></usr/l
ocal/texlive/2019/texmf-dist/fonts/type1/public/amsfonts/cm/cmr7.pfb></usr/loca
l/texlive/2019/texmf-dist/fonts/type1/public/amsfonts/cm/cmr8.pfb></usr/local/t
exlive/2019/texmf-dist/fonts/type1/public/amsfonts/cm/cmr9.pfb></usr/local/texl
ive/2019/texmf-dist/fonts/type1/public/amsfonts/cm/cmss8.pfb></usr/local/texliv
e/2019/texmf-dist/fonts/type1/public/amsfonts/cm/cmsy5.pfb></usr/local/texlive/
2019/texmf-dist/fonts/type1/public/amsfonts/cm/cmsy6.pfb></usr/local/texlive/20
19/texmf-dist/fonts/type1/public/amsfonts/cm/cmsy9.pfb></usr/local/texlive/2019
/texmf-dist/fonts/type1/public/amsfonts/cm/cmti9.pfb></usr/local/texlive/2019/t
exmf-dist/fonts/type1/public/amsfonts/cm/cmtt9.pfb>
Output written on ms2.pdf (6 pages, 641954 bytes).
PDF statistics:
 466 PDF objects out of 1000 (max. 8388607)
 105 compressed objects within 2 object streams
 0 named destinations out of 1000 (max. 500000)
 41 words of extra memory for PDF output out of 10000 (max. 10000000)

